Determining if the pthread_create exist failed with the following output:
Change Dir: /home/lo41/Bureau/Projet-R/build/CMakeFiles/CMakeTmp

Run Build Command:"/usr/bin/make" "cmTC_c3f89/fast"
/usr/bin/make -f CMakeFiles/cmTC_c3f89.dir/build.make CMakeFiles/cmTC_c3f89.dir/build
make[1] : on entre dans le répertoire « /home/lo41/Bureau/Projet-R/build/CMakeFiles/CMakeTmp »
Building C object CMakeFiles/cmTC_c3f89.dir/CheckSymbolExists.c.o
/usr/bin/cc    -o CMakeFiles/cmTC_c3f89.dir/CheckSymbolExists.c.o   -c /home/lo41/Bureau/Projet-R/build/CMakeFiles/CMakeTmp/CheckSymbolExists.c
Linking C executable cmTC_c3f89
/usr/bin/cmake -E cmake_link_script CMakeFiles/cmTC_c3f89.dir/link.txt --verbose=1
/usr/bin/cc      -rdynamic CMakeFiles/cmTC_c3f89.dir/CheckSymbolExists.c.o  -o cmTC_c3f89 
/usr/bin/ld : CMakeFiles/cmTC_c3f89.dir/CheckSymbolExists.c.o : dans la fonction « main » :
CheckSymbolExists.c:(.text+0x1b) : référence indéfinie vers « pthread_create »
collect2: error: ld returned 1 exit status
make[1]: *** [CMakeFiles/cmTC_c3f89.dir/build.make:87: cmTC_c3f89] Error 1
make[1] : on quitte le répertoire « /home/lo41/Bureau/Projet-R/build/CMakeFiles/CMakeTmp »
make: *** [Makefile:121: cmTC_c3f89/fast] Error 2

File /home/lo41/Bureau/Projet-R/build/CMakeFiles/CMakeTmp/CheckSymbolExists.c:
/* */
#include <pthread.h>

int main(int argc, char** argv)
{
  (void)argv;
#ifndef pthread_create
  return ((int*)(&pthread_create))[argc];
#else
  (void)argc;
  return 0;
#endif
}

Determining if the function pthread_create exists in the pthreads failed with the following output:
Change Dir: /home/lo41/Bureau/Projet-R/build/CMakeFiles/CMakeTmp

Run Build Command:"/usr/bin/make" "cmTC_26e8a/fast"
/usr/bin/make -f CMakeFiles/cmTC_26e8a.dir/build.make CMakeFiles/cmTC_26e8a.dir/build
make[1] : on entre dans le répertoire « /home/lo41/Bureau/Projet-R/build/CMakeFiles/CMakeTmp »
Building C object CMakeFiles/cmTC_26e8a.dir/CheckFunctionExists.c.o
/usr/bin/cc   -DCHECK_FUNCTION_EXISTS=pthread_create   -o CMakeFiles/cmTC_26e8a.dir/CheckFunctionExists.c.o   -c /usr/share/cmake-3.13/Modules/CheckFunctionExists.c
Linking C executable cmTC_26e8a
/usr/bin/cmake -E cmake_link_script CMakeFiles/cmTC_26e8a.dir/link.txt --verbose=1
/usr/bin/cc  -DCHECK_FUNCTION_EXISTS=pthread_create    -rdynamic CMakeFiles/cmTC_26e8a.dir/CheckFunctionExists.c.o  -o cmTC_26e8a -lpthreads 
/usr/bin/ld : ne peut trouver -lpthreads
collect2: error: ld returned 1 exit status
make[1]: *** [CMakeFiles/cmTC_26e8a.dir/build.make:87: cmTC_26e8a] Error 1
make[1] : on quitte le répertoire « /home/lo41/Bureau/Projet-R/build/CMakeFiles/CMakeTmp »
make: *** [Makefile:121: cmTC_26e8a/fast] Error 2


